<?xml version="1.0" encoding="UTF-8"?>
<testng-results ignored="0" total="17" passed="14" failed="3" skipped="0">
  <reporter-output>
  </reporter-output>
  <suite started-at="2023-05-25T14:49:57 IST" name="Suite" finished-at="2023-05-25T14:54:48 IST" duration-ms="290829">
    <groups>
    </groups>
    <test started-at="2023-05-25T14:49:57 IST" name="Test" finished-at="2023-05-25T14:54:48 IST" duration-ms="290829">
      <class name="TestCases.AddCartTestcases">
        <test-method is-config="true" signature="start()[pri:0, instance:TestCases.AddCartTestcases@2aceadd4]" started-at="2023-05-25T14:49:57 IST" name="start" finished-at="2023-05-25T14:50:12 IST" duration-ms="14379" status="PASS">
          <reporter-output>
          </reporter-output>
        </test-method> <!-- start -->
        <test-method signature="addCart()[pri:0, instance:TestCases.AddCartTestcases@2aceadd4]" started-at="2023-05-25T14:50:12 IST" name="addCart" finished-at="2023-05-25T14:52:46 IST" duration-ms="153895" status="FAIL">
          <exception class="org.openqa.selenium.NoSuchElementException">
            <message>
              <![CDATA[no such element: Unable to locate element: {"method":"xpath","selector":"//input[@id='number']"}
  (Session info: chrome=113.0.5672.127)
For documentation on this error, please visit: https://www.seleniumhq.org/exceptions/no_such_element.html
Build info: version: '3.141.59', revision: 'e82be7d358', time: '2018-11-14T08:17:03'
System info: host: 'VISHAL', ip: '172.20.10.13', os.name: 'Windows 11', os.arch: 'amd64', os.version: '10.0', java.version: '17.0.5'
Driver info: org.openqa.selenium.chrome.ChromeDriver
Capabilities {acceptInsecureCerts: false, browserName: chrome, browserVersion: 113.0.5672.127, chrome: {chromedriverVersion: 113.0.5672.63 (0e1a4471d5ae..., userDataDir: C:\Users\DELL\AppData\Local...}, goog:chromeOptions: {debuggerAddress: localhost:28407}, javascriptEnabled: true, networkConnectionEnabled: false, pageLoadStrategy: normal, platform: WINDOWS, platformName: WINDOWS, proxy: Proxy(), setWindowRect: true, strictFileInteractability: false, timeouts: {implicit: 0, pageLoad: 300000, script: 30000}, unhandledPromptBehavior: dismiss and notify, webauthn:extension:credBlob: true, webauthn:extension:largeBlob: true, webauthn:extension:minPinLength: true, webauthn:extension:prf: true, webauthn:virtualAuthenticators: true}
Session ID: 7c1ed36f694022ba79ddbbe49d0ee918
*** Element info: {Using=xpath, value=//input[@id='number']}]]>
            </message>
            <full-stacktrace>
              <![CDATA[org.openqa.selenium.NoSuchElementException: no such element: Unable to locate element: {"method":"xpath","selector":"//input[@id='number']"}
  (Session info: chrome=113.0.5672.127)
For documentation on this error, please visit: https://www.seleniumhq.org/exceptions/no_such_element.html
Build info: version: '3.141.59', revision: 'e82be7d358', time: '2018-11-14T08:17:03'
System info: host: 'VISHAL', ip: '172.20.10.13', os.name: 'Windows 11', os.arch: 'amd64', os.version: '10.0', java.version: '17.0.5'
Driver info: org.openqa.selenium.chrome.ChromeDriver
Capabilities {acceptInsecureCerts: false, browserName: chrome, browserVersion: 113.0.5672.127, chrome: {chromedriverVersion: 113.0.5672.63 (0e1a4471d5ae..., userDataDir: C:\Users\DELL\AppData\Local...}, goog:chromeOptions: {debuggerAddress: localhost:28407}, javascriptEnabled: true, networkConnectionEnabled: false, pageLoadStrategy: normal, platform: WINDOWS, platformName: WINDOWS, proxy: Proxy(), setWindowRect: true, strictFileInteractability: false, timeouts: {implicit: 0, pageLoad: 300000, script: 30000}, unhandledPromptBehavior: dismiss and notify, webauthn:extension:credBlob: true, webauthn:extension:largeBlob: true, webauthn:extension:minPinLength: true, webauthn:extension:prf: true, webauthn:virtualAuthenticators: true}
Session ID: 7c1ed36f694022ba79ddbbe49d0ee918
*** Element info: {Using=xpath, value=//input[@id='number']}
at java.base/jdk.internal.reflect.NativeConstructorAccessorImpl.newInstance0(Native Method)
at java.base/jdk.internal.reflect.NativeConstructorAccessorImpl.newInstance(NativeConstructorAccessorImpl.java:77)
at java.base/jdk.internal.reflect.DelegatingConstructorAccessorImpl.newInstance(DelegatingConstructorAccessorImpl.java:45)
at java.base/java.lang.reflect.Constructor.newInstanceWithCaller(Constructor.java:499)
at java.base/java.lang.reflect.Constructor.newInstance(Constructor.java:480)
at org.openqa.selenium.remote.http.W3CHttpResponseCodec.createException(W3CHttpResponseCodec.java:187)
at org.openqa.selenium.remote.http.W3CHttpResponseCodec.decode(W3CHttpResponseCodec.java:122)
at org.openqa.selenium.remote.http.W3CHttpResponseCodec.decode(W3CHttpResponseCodec.java:49)
at org.openqa.selenium.remote.HttpCommandExecutor.execute(HttpCommandExecutor.java:158)
at org.openqa.selenium.remote.service.DriverCommandExecutor.execute(DriverCommandExecutor.java:83)
at org.openqa.selenium.remote.RemoteWebDriver.execute(RemoteWebDriver.java:552)
at org.openqa.selenium.remote.RemoteWebDriver.findElement(RemoteWebDriver.java:323)
at org.openqa.selenium.remote.RemoteWebDriver.findElementByXPath(RemoteWebDriver.java:428)
at org.openqa.selenium.By$ByXPath.findElement(By.java:353)
at org.openqa.selenium.remote.RemoteWebDriver.findElement(RemoteWebDriver.java:315)
at org.openqa.selenium.support.pagefactory.DefaultElementLocator.findElement(DefaultElementLocator.java:69)
at org.openqa.selenium.support.pagefactory.internal.LocatingElementHandler.invoke(LocatingElementHandler.java:38)
at jdk.proxy2/jdk.proxy2.$Proxy9.sendKeys(Unknown Source)
at Pages.AddCartPage.paymentDetails(AddCartPage.java:170)
at TestCases.AddCartTestcases.addCart(AddCartTestcases.java:20)
at java.base/jdk.internal.reflect.NativeMethodAccessorImpl.invoke0(Native Method)
at java.base/jdk.internal.reflect.NativeMethodAccessorImpl.invoke(NativeMethodAccessorImpl.java:77)
at java.base/jdk.internal.reflect.DelegatingMethodAccessorImpl.invoke(DelegatingMethodAccessorImpl.java:43)
at java.base/java.lang.reflect.Method.invoke(Method.java:568)
at org.testng.internal.MethodInvocationHelper.invokeMethod(MethodInvocationHelper.java:133)
at org.testng.internal.TestInvoker.invokeMethod(TestInvoker.java:598)
at org.testng.internal.TestInvoker.invokeTestMethod(TestInvoker.java:173)
at org.testng.internal.MethodRunner.runInSequence(MethodRunner.java:46)
at org.testng.internal.TestInvoker$MethodInvocationAgent.invoke(TestInvoker.java:824)
at org.testng.internal.TestInvoker.invokeTestMethods(TestInvoker.java:146)
at org.testng.internal.TestMethodWorker.invokeTestMethods(TestMethodWorker.java:146)
at org.testng.internal.TestMethodWorker.run(TestMethodWorker.java:128)
at java.base/java.util.ArrayList.forEach(ArrayList.java:1511)
at org.testng.TestRunner.privateRun(TestRunner.java:794)
at org.testng.TestRunner.run(TestRunner.java:596)
at org.testng.SuiteRunner.runTest(SuiteRunner.java:377)
at org.testng.SuiteRunner.runSequentially(SuiteRunner.java:371)
at org.testng.SuiteRunner.privateRun(SuiteRunner.java:332)
at org.testng.SuiteRunner.run(SuiteRunner.java:276)
at org.testng.SuiteRunnerWorker.runSuite(SuiteRunnerWorker.java:53)
at org.testng.SuiteRunnerWorker.run(SuiteRunnerWorker.java:96)
at org.testng.TestNG.runSuitesSequentially(TestNG.java:1212)
at org.testng.TestNG.runSuitesLocally(TestNG.java:1134)
at org.testng.TestNG.runSuites(TestNG.java:1063)
at org.testng.TestNG.run(TestNG.java:1031)
at org.apache.maven.surefire.testng.TestNGExecutor.run(TestNGExecutor.java:281)
at org.apache.maven.surefire.testng.TestNGXmlTestSuite.execute(TestNGXmlTestSuite.java:75)
at org.apache.maven.surefire.testng.TestNGProvider.invoke(TestNGProvider.java:121)
at org.apache.maven.surefire.booter.ForkedBooter.invokeProviderInSameClassLoader(ForkedBooter.java:290)
at org.apache.maven.surefire.booter.ForkedBooter.runSuitesInProcess(ForkedBooter.java:242)
at org.apache.maven.surefire.booter.ForkedBooter.main(ForkedBooter.java:121)
]]>
            </full-stacktrace>
          </exception> <!-- org.openqa.selenium.NoSuchElementException -->
          <reporter-output>
          </reporter-output>
        </test-method> <!-- addCart -->
        <test-method is-config="true" signature="closeUp()[pri:0, instance:TestCases.AddCartTestcases@2aceadd4]" started-at="2023-05-25T14:52:46 IST" name="closeUp" finished-at="2023-05-25T14:52:47 IST" duration-ms="1088" status="PASS">
          <reporter-output>
          </reporter-output>
        </test-method> <!-- closeUp -->
      </class> <!-- TestCases.AddCartTestcases -->
      <class name="TestCases.CreateAccountTestcase">
        <test-method is-config="true" signature="start()[pri:0, instance:TestCases.CreateAccountTestcase@71e9ddb4]" started-at="2023-05-25T14:53:27 IST" name="start" finished-at="2023-05-25T14:53:39 IST" duration-ms="12934" status="PASS">
          <reporter-output>
          </reporter-output>
        </test-method> <!-- start -->
        <test-method signature="tc02createAccount()[pri:0, instance:TestCases.CreateAccountTestcase@71e9ddb4]" started-at="2023-05-25T14:53:39 IST" name="tc02createAccount" finished-at="2023-05-25T14:54:14 IST" duration-ms="34631" status="FAIL">
          <exception class="org.openqa.selenium.NoSuchElementException">
            <message>
              <![CDATA[no such element: Unable to locate element: {"method":"xpath","selector":"//input[@name='firstName']"}
  (Session info: chrome=113.0.5672.127)
For documentation on this error, please visit: https://www.seleniumhq.org/exceptions/no_such_element.html
Build info: version: '3.141.59', revision: 'e82be7d358', time: '2018-11-14T08:17:03'
System info: host: 'VISHAL', ip: '172.20.10.13', os.name: 'Windows 11', os.arch: 'amd64', os.version: '10.0', java.version: '17.0.5'
Driver info: org.openqa.selenium.chrome.ChromeDriver
Capabilities {acceptInsecureCerts: false, browserName: chrome, browserVersion: 113.0.5672.127, chrome: {chromedriverVersion: 113.0.5672.63 (0e1a4471d5ae..., userDataDir: C:\Users\DELL\AppData\Local...}, goog:chromeOptions: {debuggerAddress: localhost:29618}, javascriptEnabled: true, networkConnectionEnabled: false, pageLoadStrategy: normal, platform: WINDOWS, platformName: WINDOWS, proxy: Proxy(), setWindowRect: true, strictFileInteractability: false, timeouts: {implicit: 0, pageLoad: 300000, script: 30000}, unhandledPromptBehavior: dismiss and notify, webauthn:extension:credBlob: true, webauthn:extension:largeBlob: true, webauthn:extension:minPinLength: true, webauthn:extension:prf: true, webauthn:virtualAuthenticators: true}
Session ID: 6daec70c2546f7964506c3fb5f157436
*** Element info: {Using=xpath, value=//input[@name='firstName']}]]>
            </message>
            <full-stacktrace>
              <![CDATA[org.openqa.selenium.NoSuchElementException: no such element: Unable to locate element: {"method":"xpath","selector":"//input[@name='firstName']"}
  (Session info: chrome=113.0.5672.127)
For documentation on this error, please visit: https://www.seleniumhq.org/exceptions/no_such_element.html
Build info: version: '3.141.59', revision: 'e82be7d358', time: '2018-11-14T08:17:03'
System info: host: 'VISHAL', ip: '172.20.10.13', os.name: 'Windows 11', os.arch: 'amd64', os.version: '10.0', java.version: '17.0.5'
Driver info: org.openqa.selenium.chrome.ChromeDriver
Capabilities {acceptInsecureCerts: false, browserName: chrome, browserVersion: 113.0.5672.127, chrome: {chromedriverVersion: 113.0.5672.63 (0e1a4471d5ae..., userDataDir: C:\Users\DELL\AppData\Local...}, goog:chromeOptions: {debuggerAddress: localhost:29618}, javascriptEnabled: true, networkConnectionEnabled: false, pageLoadStrategy: normal, platform: WINDOWS, platformName: WINDOWS, proxy: Proxy(), setWindowRect: true, strictFileInteractability: false, timeouts: {implicit: 0, pageLoad: 300000, script: 30000}, unhandledPromptBehavior: dismiss and notify, webauthn:extension:credBlob: true, webauthn:extension:largeBlob: true, webauthn:extension:minPinLength: true, webauthn:extension:prf: true, webauthn:virtualAuthenticators: true}
Session ID: 6daec70c2546f7964506c3fb5f157436
*** Element info: {Using=xpath, value=//input[@name='firstName']}
at java.base/jdk.internal.reflect.NativeConstructorAccessorImpl.newInstance0(Native Method)
at java.base/jdk.internal.reflect.NativeConstructorAccessorImpl.newInstance(NativeConstructorAccessorImpl.java:77)
at java.base/jdk.internal.reflect.DelegatingConstructorAccessorImpl.newInstance(DelegatingConstructorAccessorImpl.java:45)
at java.base/java.lang.reflect.Constructor.newInstanceWithCaller(Constructor.java:499)
at java.base/java.lang.reflect.Constructor.newInstance(Constructor.java:480)
at org.openqa.selenium.remote.http.W3CHttpResponseCodec.createException(W3CHttpResponseCodec.java:187)
at org.openqa.selenium.remote.http.W3CHttpResponseCodec.decode(W3CHttpResponseCodec.java:122)
at org.openqa.selenium.remote.http.W3CHttpResponseCodec.decode(W3CHttpResponseCodec.java:49)
at org.openqa.selenium.remote.HttpCommandExecutor.execute(HttpCommandExecutor.java:158)
at org.openqa.selenium.remote.service.DriverCommandExecutor.execute(DriverCommandExecutor.java:83)
at org.openqa.selenium.remote.RemoteWebDriver.execute(RemoteWebDriver.java:552)
at org.openqa.selenium.remote.RemoteWebDriver.findElement(RemoteWebDriver.java:323)
at org.openqa.selenium.remote.RemoteWebDriver.findElementByXPath(RemoteWebDriver.java:428)
at org.openqa.selenium.By$ByXPath.findElement(By.java:353)
at org.openqa.selenium.remote.RemoteWebDriver.findElement(RemoteWebDriver.java:315)
at org.openqa.selenium.support.pagefactory.DefaultElementLocator.findElement(DefaultElementLocator.java:69)
at org.openqa.selenium.support.pagefactory.internal.LocatingElementHandler.invoke(LocatingElementHandler.java:38)
at jdk.proxy2/jdk.proxy2.$Proxy9.sendKeys(Unknown Source)
at Pages.CreateAccountPage.signup(CreateAccountPage.java:58)
at TestCases.CreateAccountTestcase.tc02createAccount(CreateAccountTestcase.java:20)
at java.base/jdk.internal.reflect.NativeMethodAccessorImpl.invoke0(Native Method)
at java.base/jdk.internal.reflect.NativeMethodAccessorImpl.invoke(NativeMethodAccessorImpl.java:77)
at java.base/jdk.internal.reflect.DelegatingMethodAccessorImpl.invoke(DelegatingMethodAccessorImpl.java:43)
at java.base/java.lang.reflect.Method.invoke(Method.java:568)
at org.testng.internal.MethodInvocationHelper.invokeMethod(MethodInvocationHelper.java:133)
at org.testng.internal.TestInvoker.invokeMethod(TestInvoker.java:598)
at org.testng.internal.TestInvoker.invokeTestMethod(TestInvoker.java:173)
at org.testng.internal.MethodRunner.runInSequence(MethodRunner.java:46)
at org.testng.internal.TestInvoker$MethodInvocationAgent.invoke(TestInvoker.java:824)
at org.testng.internal.TestInvoker.invokeTestMethods(TestInvoker.java:146)
at org.testng.internal.TestMethodWorker.invokeTestMethods(TestMethodWorker.java:146)
at org.testng.internal.TestMethodWorker.run(TestMethodWorker.java:128)
at java.base/java.util.ArrayList.forEach(ArrayList.java:1511)
at org.testng.TestRunner.privateRun(TestRunner.java:794)
at org.testng.TestRunner.run(TestRunner.java:596)
at org.testng.SuiteRunner.runTest(SuiteRunner.java:377)
at org.testng.SuiteRunner.runSequentially(SuiteRunner.java:371)
at org.testng.SuiteRunner.privateRun(SuiteRunner.java:332)
at org.testng.SuiteRunner.run(SuiteRunner.java:276)
at org.testng.SuiteRunnerWorker.runSuite(SuiteRunnerWorker.java:53)
at org.testng.SuiteRunnerWorker.run(SuiteRunnerWorker.java:96)
at org.testng.TestNG.runSuitesSequentially(TestNG.java:1212)
at org.testng.TestNG.runSuitesLocally(TestNG.java:1134)
at org.testng.TestNG.runSuites(TestNG.java:1063)
at org.testng.TestNG.run(TestNG.java:1031)
at org.apache.maven.surefire.testng.TestNGExecutor.run(TestNGExecutor.java:281)
at org.apache.maven.surefire.testng.TestNGXmlTestSuite.execute(TestNGXmlTestSuite.java:75)
at org.apache.maven.surefire.testng.TestNGProvider.invoke(TestNGProvider.java:121)
at org.apache.maven.surefire.booter.ForkedBooter.invokeProviderInSameClassLoader(ForkedBooter.java:290)
at org.apache.maven.surefire.booter.ForkedBooter.runSuitesInProcess(ForkedBooter.java:242)
at org.apache.maven.surefire.booter.ForkedBooter.main(ForkedBooter.java:121)
]]>
            </full-stacktrace>
          </exception> <!-- org.openqa.selenium.NoSuchElementException -->
          <reporter-output>
          </reporter-output>
        </test-method> <!-- tc02createAccount -->
        <test-method is-config="true" signature="closeUp()[pri:0, instance:TestCases.CreateAccountTestcase@71e9ddb4]" started-at="2023-05-25T14:54:14 IST" name="closeUp" finished-at="2023-05-25T14:54:15 IST" duration-ms="447" status="PASS">
          <reporter-output>
          </reporter-output>
        </test-method> <!-- closeUp -->
        <test-method is-config="true" signature="start()[pri:0, instance:TestCases.CreateAccountTestcase@71e9ddb4]" started-at="2023-05-25T14:54:15 IST" name="start" finished-at="2023-05-25T14:54:27 IST" duration-ms="12126" status="PASS">
          <reporter-output>
          </reporter-output>
        </test-method> <!-- start -->
        <test-method signature="validateCreateAccount()[pri:0, instance:TestCases.CreateAccountTestcase@71e9ddb4]" started-at="2023-05-25T14:54:27 IST" name="validateCreateAccount" finished-at="2023-05-25T14:54:48 IST" duration-ms="21126" status="PASS">
          <reporter-output>
          </reporter-output>
        </test-method> <!-- validateCreateAccount -->
        <test-method is-config="true" signature="closeUp()[pri:0, instance:TestCases.CreateAccountTestcase@71e9ddb4]" started-at="2023-05-25T14:54:48 IST" name="closeUp" finished-at="2023-05-25T14:54:48 IST" duration-ms="436" status="PASS">
          <reporter-output>
          </reporter-output>
        </test-method> <!-- closeUp -->
      </class> <!-- TestCases.CreateAccountTestcase -->
      <class name="TestCases.BottomLinksTestCase">
        <test-method is-config="true" signature="start()[pri:0, instance:TestCases.BottomLinksTestCase@58a9760d]" started-at="2023-05-25T14:52:47 IST" name="start" finished-at="2023-05-25T14:53:00 IST" duration-ms="12807" status="PASS">
          <reporter-output>
          </reporter-output>
        </test-method> <!-- start -->
        <test-method signature="scroll()[pri:0, instance:TestCases.BottomLinksTestCase@58a9760d]" started-at="2023-05-25T14:53:00 IST" name="scroll" finished-at="2023-05-25T14:53:26 IST" duration-ms="26519" status="PASS">
          <reporter-output>
          </reporter-output>
        </test-method> <!-- scroll -->
        <test-method is-config="true" signature="closeUp()[pri:0, instance:TestCases.BottomLinksTestCase@58a9760d]" started-at="2023-05-25T14:53:26 IST" name="closeUp" finished-at="2023-05-25T14:53:27 IST" duration-ms="373" status="PASS">
          <reporter-output>
          </reporter-output>
        </test-method> <!-- closeUp -->
      </class> <!-- TestCases.BottomLinksTestCase -->
    </test> <!-- Test -->
  </suite> <!-- Suite -->
  <suite started-at="2023-05-25T14:54:48 IST" name="Suite (0)" finished-at="2023-05-25T15:05:49 IST" duration-ms="660619">
    <groups>
    </groups>
    <test started-at="2023-05-25T14:54:48 IST" name="Test" finished-at="2023-05-25T15:05:49 IST" duration-ms="660619">
      <class name="TestCases.HomeTestcase">
        <test-method is-config="true" signature="start()[pri:0, instance:TestCases.HomeTestcase@484970b0]" started-at="2023-05-25T15:05:14 IST" name="start" finished-at="2023-05-25T15:05:26 IST" duration-ms="11957" status="PASS">
          <reporter-output>
          </reporter-output>
        </test-method> <!-- start -->
        <test-method signature="tcHome01()[pri:0, instance:TestCases.HomeTestcase@484970b0]" started-at="2023-05-25T15:05:26 IST" name="tcHome01" finished-at="2023-05-25T15:05:49 IST" duration-ms="22387" status="PASS">
          <reporter-output>
          </reporter-output>
        </test-method> <!-- tcHome01 -->
        <test-method is-config="true" signature="closeUp()[pri:0, instance:TestCases.HomeTestcase@484970b0]" started-at="2023-05-25T15:05:49 IST" name="closeUp" finished-at="2023-05-25T15:05:49 IST" duration-ms="373" status="PASS">
          <reporter-output>
          </reporter-output>
        </test-method> <!-- closeUp -->
      </class> <!-- TestCases.HomeTestcase -->
      <class name="TestCases.LoginTestcase">
        <test-method is-config="true" signature="start()[pri:0, instance:TestCases.LoginTestcase@3e96bacf]" started-at="2023-05-25T15:03:16 IST" name="start" finished-at="2023-05-25T15:03:29 IST" duration-ms="12280" status="PASS">
          <reporter-output>
          </reporter-output>
        </test-method> <!-- start -->
        <test-method signature="tc004signinWithNum()[pri:0, instance:TestCases.LoginTestcase@3e96bacf]" started-at="2023-05-25T15:03:29 IST" name="tc004signinWithNum" finished-at="2023-05-25T15:04:18 IST" duration-ms="49364" status="PASS">
          <reporter-output>
          </reporter-output>
        </test-method> <!-- tc004signinWithNum -->
        <test-method is-config="true" signature="closeUp()[pri:0, instance:TestCases.LoginTestcase@3e96bacf]" started-at="2023-05-25T15:04:18 IST" name="closeUp" finished-at="2023-05-25T15:04:18 IST" duration-ms="408" status="PASS">
          <reporter-output>
          </reporter-output>
        </test-method> <!-- closeUp -->
        <test-method is-config="true" signature="start()[pri:0, instance:TestCases.LoginTestcase@3e96bacf]" started-at="2023-05-25T15:04:18 IST" name="start" finished-at="2023-05-25T15:04:30 IST" duration-ms="11694" status="PASS">
          <reporter-output>
          </reporter-output>
        </test-method> <!-- start -->
        <test-method signature="tc03Signin()[pri:0, instance:TestCases.LoginTestcase@3e96bacf]" started-at="2023-05-25T15:04:30 IST" name="tc03Signin" finished-at="2023-05-25T15:05:14 IST" duration-ms="43808" status="PASS">
          <reporter-output>
          </reporter-output>
        </test-method> <!-- tc03Signin -->
        <test-method is-config="true" signature="closeUp()[pri:0, instance:TestCases.LoginTestcase@3e96bacf]" started-at="2023-05-25T15:05:14 IST" name="closeUp" finished-at="2023-05-25T15:05:14 IST" duration-ms="421" status="PASS">
          <reporter-output>
          </reporter-output>
        </test-method> <!-- closeUp -->
      </class> <!-- TestCases.LoginTestcase -->
      <class name="TestCases.MenuTestcases">
        <test-method is-config="true" signature="start()[pri:0, instance:TestCases.MenuTestcases@3571b748]" started-at="2023-05-25T14:54:48 IST" name="start" finished-at="2023-05-25T14:55:01 IST" duration-ms="13057" status="PASS">
          <reporter-output>
          </reporter-output>
        </test-method> <!-- start -->
        <test-method signature="Close()[pri:0, instance:TestCases.MenuTestcases@3571b748]" started-at="2023-05-25T14:55:01 IST" name="Close" finished-at="2023-05-25T14:55:57 IST" duration-ms="55745" status="PASS">
          <reporter-output>
          </reporter-output>
        </test-method> <!-- Close -->
        <test-method is-config="true" signature="closeUp()[pri:0, instance:TestCases.MenuTestcases@3571b748]" started-at="2023-05-25T14:55:57 IST" name="closeUp" finished-at="2023-05-25T14:55:57 IST" duration-ms="281" status="PASS">
          <reporter-output>
          </reporter-output>
        </test-method> <!-- closeUp -->
        <test-method is-config="true" signature="start()[pri:0, instance:TestCases.MenuTestcases@3571b748]" started-at="2023-05-25T14:55:57 IST" name="start" finished-at="2023-05-25T14:56:09 IST" duration-ms="12019" status="PASS">
          <reporter-output>
          </reporter-output>
        </test-method> <!-- start -->
        <test-method signature="validateBestBusinessTitle()[pri:0, instance:TestCases.MenuTestcases@3571b748]" started-at="2023-05-25T14:56:09 IST" name="validateBestBusinessTitle" finished-at="2023-05-25T14:56:47 IST" duration-ms="37597" status="FAIL">
          <exception class="java.lang.AssertionError">
            <message>
              <![CDATA[expected [Best Buy | Official Online Store | Shop Now & Save] but found [Best Buy for Business - Best Buy]]]>
            </message>
            <full-stacktrace>
              <![CDATA[java.lang.AssertionError: expected [Best Buy | Official Online Store | Shop Now & Save] but found [Best Buy for Business - Best Buy]
at org.testng.Assert.fail(Assert.java:99)
at org.testng.Assert.failNotEquals(Assert.java:1037)
at org.testng.Assert.assertEqualsImpl(Assert.java:140)
at org.testng.Assert.assertEquals(Assert.java:122)
at org.testng.Assert.assertEquals(Assert.java:629)
at org.testng.Assert.assertEquals(Assert.java:639)
at TestCases.MenuTestcases.validateBestBusinessTitle(MenuTestcases.java:111)
at java.base/jdk.internal.reflect.NativeMethodAccessorImpl.invoke0(Native Method)
at java.base/jdk.internal.reflect.NativeMethodAccessorImpl.invoke(NativeMethodAccessorImpl.java:77)
at java.base/jdk.internal.reflect.DelegatingMethodAccessorImpl.invoke(DelegatingMethodAccessorImpl.java:43)
at java.base/java.lang.reflect.Method.invoke(Method.java:568)
at org.testng.internal.MethodInvocationHelper.invokeMethod(MethodInvocationHelper.java:133)
at org.testng.internal.TestInvoker.invokeMethod(TestInvoker.java:598)
at org.testng.internal.TestInvoker.invokeTestMethod(TestInvoker.java:173)
at org.testng.internal.MethodRunner.runInSequence(MethodRunner.java:46)
at org.testng.internal.TestInvoker$MethodInvocationAgent.invoke(TestInvoker.java:824)
at org.testng.internal.TestInvoker.invokeTestMethods(TestInvoker.java:146)
at org.testng.internal.TestMethodWorker.invokeTestMethods(TestMethodWorker.java:146)
at org.testng.internal.TestMethodWorker.run(TestMethodWorker.java:128)
at java.base/java.util.ArrayList.forEach(ArrayList.java:1511)
at org.testng.TestRunner.privateRun(TestRunner.java:794)
at org.testng.TestRunner.run(TestRunner.java:596)
at org.testng.SuiteRunner.runTest(SuiteRunner.java:377)
at org.testng.SuiteRunner.runSequentially(SuiteRunner.java:371)
at org.testng.SuiteRunner.privateRun(SuiteRunner.java:332)
at org.testng.SuiteRunner.run(SuiteRunner.java:276)
at org.testng.SuiteRunnerWorker.runSuite(SuiteRunnerWorker.java:53)
at org.testng.SuiteRunnerWorker.run(SuiteRunnerWorker.java:96)
at org.testng.TestNG.runSuitesSequentially(TestNG.java:1212)
at org.testng.TestNG.runSuitesLocally(TestNG.java:1134)
at org.testng.TestNG.runSuites(TestNG.java:1063)
at org.testng.TestNG.run(TestNG.java:1031)
at org.apache.maven.surefire.testng.TestNGExecutor.run(TestNGExecutor.java:281)
at org.apache.maven.surefire.testng.TestNGXmlTestSuite.execute(TestNGXmlTestSuite.java:75)
at org.apache.maven.surefire.testng.TestNGProvider.invoke(TestNGProvider.java:121)
at org.apache.maven.surefire.booter.ForkedBooter.invokeProviderInSameClassLoader(ForkedBooter.java:290)
at org.apache.maven.surefire.booter.ForkedBooter.runSuitesInProcess(ForkedBooter.java:242)
at org.apache.maven.surefire.booter.ForkedBooter.main(ForkedBooter.java:121)
]]>
            </full-stacktrace>
          </exception> <!-- java.lang.AssertionError -->
          <reporter-output>
          </reporter-output>
        </test-method> <!-- validateBestBusinessTitle -->
        <test-method is-config="true" signature="closeUp()[pri:0, instance:TestCases.MenuTestcases@3571b748]" started-at="2023-05-25T14:56:47 IST" name="closeUp" finished-at="2023-05-25T14:56:47 IST" duration-ms="441" status="PASS">
          <reporter-output>
          </reporter-output>
        </test-method> <!-- closeUp -->
        <test-method is-config="true" signature="start()[pri:0, instance:TestCases.MenuTestcases@3571b748]" started-at="2023-05-25T14:56:47 IST" name="start" finished-at="2023-05-25T14:57:01 IST" duration-ms="13517" status="PASS">
          <reporter-output>
          </reporter-output>
        </test-method> <!-- start -->
        <test-method signature="validateBestBuyTitle()[pri:0, instance:TestCases.MenuTestcases@3571b748]" started-at="2023-05-25T14:57:01 IST" name="validateBestBuyTitle" finished-at="2023-05-25T14:57:58 IST" duration-ms="56551" status="PASS">
          <reporter-output>
          </reporter-output>
        </test-method> <!-- validateBestBuyTitle -->
        <test-method is-config="true" signature="closeUp()[pri:0, instance:TestCases.MenuTestcases@3571b748]" started-at="2023-05-25T14:57:58 IST" name="closeUp" finished-at="2023-05-25T14:57:58 IST" duration-ms="554" status="PASS">
          <reporter-output>
          </reporter-output>
        </test-method> <!-- closeUp -->
        <test-method is-config="true" signature="start()[pri:0, instance:TestCases.MenuTestcases@3571b748]" started-at="2023-05-25T14:57:58 IST" name="start" finished-at="2023-05-25T14:58:12 IST" duration-ms="13988" status="PASS">
          <reporter-output>
          </reporter-output>
        </test-method> <!-- start -->
        <test-method signature="validateDealofDayTitle()[pri:0, instance:TestCases.MenuTestcases@3571b748]" started-at="2023-05-25T14:58:12 IST" name="validateDealofDayTitle" finished-at="2023-05-25T14:58:40 IST" duration-ms="28412" status="PASS">
          <reporter-output>
          </reporter-output>
        </test-method> <!-- validateDealofDayTitle -->
        <test-method is-config="true" signature="closeUp()[pri:0, instance:TestCases.MenuTestcases@3571b748]" started-at="2023-05-25T14:58:40 IST" name="closeUp" finished-at="2023-05-25T14:58:41 IST" duration-ms="472" status="PASS">
          <reporter-output>
          </reporter-output>
        </test-method> <!-- closeUp -->
        <test-method is-config="true" signature="start()[pri:0, instance:TestCases.MenuTestcases@3571b748]" started-at="2023-05-25T14:58:41 IST" name="start" finished-at="2023-05-25T14:58:56 IST" duration-ms="15100" status="PASS">
          <reporter-output>
          </reporter-output>
        </test-method> <!-- start -->
        <test-method signature="validateGiftCardTitle()[pri:0, instance:TestCases.MenuTestcases@3571b748]" started-at="2023-05-25T14:58:56 IST" name="validateGiftCardTitle" finished-at="2023-05-25T14:59:26 IST" duration-ms="29966" status="PASS">
          <reporter-output>
          </reporter-output>
        </test-method> <!-- validateGiftCardTitle -->
        <test-method is-config="true" signature="closeUp()[pri:0, instance:TestCases.MenuTestcases@3571b748]" started-at="2023-05-25T14:59:26 IST" name="closeUp" finished-at="2023-05-25T14:59:26 IST" duration-ms="453" status="PASS">
          <reporter-output>
          </reporter-output>
        </test-method> <!-- closeUp -->
        <test-method is-config="true" signature="start()[pri:0, instance:TestCases.MenuTestcases@3571b748]" started-at="2023-05-25T14:59:26 IST" name="start" finished-at="2023-05-25T14:59:39 IST" duration-ms="12606" status="PASS">
          <reporter-output>
          </reporter-output>
        </test-method> <!-- start -->
        <test-method signature="validateGiftIdeasTitle()[pri:0, instance:TestCases.MenuTestcases@3571b748]" started-at="2023-05-25T14:59:39 IST" name="validateGiftIdeasTitle" finished-at="2023-05-25T15:00:12 IST" duration-ms="32464" status="PASS">
          <reporter-output>
          </reporter-output>
        </test-method> <!-- validateGiftIdeasTitle -->
        <test-method is-config="true" signature="closeUp()[pri:0, instance:TestCases.MenuTestcases@3571b748]" started-at="2023-05-25T15:00:12 IST" name="closeUp" finished-at="2023-05-25T15:00:12 IST" duration-ms="423" status="PASS">
          <reporter-output>
          </reporter-output>
        </test-method> <!-- closeUp -->
        <test-method is-config="true" signature="start()[pri:0, instance:TestCases.MenuTestcases@3571b748]" started-at="2023-05-25T15:00:12 IST" name="start" finished-at="2023-05-25T15:00:24 IST" duration-ms="12307" status="PASS">
          <reporter-output>
          </reporter-output>
        </test-method> <!-- start -->
        <test-method signature="validateGiftTitle()[pri:0, instance:TestCases.MenuTestcases@3571b748]" started-at="2023-05-25T15:00:24 IST" name="validateGiftTitle" finished-at="2023-05-25T15:01:02 IST" duration-ms="37687" status="PASS">
          <reporter-output>
          </reporter-output>
        </test-method> <!-- validateGiftTitle -->
        <test-method is-config="true" signature="closeUp()[pri:0, instance:TestCases.MenuTestcases@3571b748]" started-at="2023-05-25T15:01:02 IST" name="closeUp" finished-at="2023-05-25T15:01:02 IST" duration-ms="270" status="PASS">
          <reporter-output>
          </reporter-output>
        </test-method> <!-- closeUp -->
        <test-method is-config="true" signature="start()[pri:0, instance:TestCases.MenuTestcases@3571b748]" started-at="2023-05-25T15:01:02 IST" name="start" finished-at="2023-05-25T15:01:15 IST" duration-ms="12298" status="PASS">
          <reporter-output>
          </reporter-output>
        </test-method> <!-- start -->
        <test-method signature="validateHealthTitle()[pri:0, instance:TestCases.MenuTestcases@3571b748]" started-at="2023-05-25T15:01:15 IST" name="validateHealthTitle" finished-at="2023-05-25T15:01:48 IST" duration-ms="33086" status="PASS">
          <reporter-output>
          </reporter-output>
        </test-method> <!-- validateHealthTitle -->
        <test-method is-config="true" signature="closeUp()[pri:0, instance:TestCases.MenuTestcases@3571b748]" started-at="2023-05-25T15:01:48 IST" name="closeUp" finished-at="2023-05-25T15:01:48 IST" duration-ms="530" status="PASS">
          <reporter-output>
          </reporter-output>
        </test-method> <!-- closeUp -->
        <test-method is-config="true" signature="start()[pri:0, instance:TestCases.MenuTestcases@3571b748]" started-at="2023-05-25T15:01:48 IST" name="start" finished-at="2023-05-25T15:02:00 IST" duration-ms="11636" status="PASS">
          <reporter-output>
          </reporter-output>
        </test-method> <!-- start -->
        <test-method signature="validateMemberOfferTitle()[pri:0, instance:TestCases.MenuTestcases@3571b748]" started-at="2023-05-25T15:02:00 IST" name="validateMemberOfferTitle" finished-at="2023-05-25T15:02:31 IST" duration-ms="30908" status="PASS">
          <reporter-output>
          </reporter-output>
        </test-method> <!-- validateMemberOfferTitle -->
        <test-method is-config="true" signature="closeUp()[pri:0, instance:TestCases.MenuTestcases@3571b748]" started-at="2023-05-25T15:02:31 IST" name="closeUp" finished-at="2023-05-25T15:02:31 IST" duration-ms="471" status="PASS">
          <reporter-output>
          </reporter-output>
        </test-method> <!-- closeUp -->
        <test-method is-config="true" signature="start()[pri:0, instance:TestCases.MenuTestcases@3571b748]" started-at="2023-05-25T15:02:31 IST" name="start" finished-at="2023-05-25T15:02:45 IST" duration-ms="13791" status="PASS">
          <reporter-output>
          </reporter-output>
        </test-method> <!-- start -->
        <test-method signature="validateTopDealsTitle()[pri:0, instance:TestCases.MenuTestcases@3571b748]" started-at="2023-05-25T15:02:45 IST" name="validateTopDealsTitle" finished-at="2023-05-25T15:03:16 IST" duration-ms="30819" status="PASS">
          <reporter-output>
          </reporter-output>
        </test-method> <!-- validateTopDealsTitle -->
        <test-method is-config="true" signature="closeUp()[pri:0, instance:TestCases.MenuTestcases@3571b748]" started-at="2023-05-25T15:03:16 IST" name="closeUp" finished-at="2023-05-25T15:03:16 IST" duration-ms="458" status="PASS">
          <reporter-output>
          </reporter-output>
        </test-method> <!-- closeUp -->
      </class> <!-- TestCases.MenuTestcases -->
    </test> <!-- Test -->
  </suite> <!-- Suite (0) -->
</testng-results>
