<?xml version="1.0" encoding="UTF-8"?>
<!-- Generated by org.testng.reporters.JUnitReportReporter -->
<testsuite hostname="VISHAL" failures="1" tests="10" name="TestCases.MenuTestcases" time="507.907" errors="0" timestamp="2023-05-25T15:05:49 IST" skipped="0">
  <testcase classname="TestCases.MenuTestcases" name="validateBestBusinessTitle" time="52.038">
    <failure message="expected [Best Buy | Official Online Store | Shop Now &amp; Save] but found [Best Buy for Business - Best Buy]" type="java.lang.AssertionError">
      <![CDATA[java.lang.AssertionError: expected [Best Buy | Official Online Store | Shop Now & Save] but found [Best Buy for Business - Best Buy]
at org.testng.Assert.fail(Assert.java:99)
at org.testng.Assert.failNotEquals(Assert.java:1037)
at org.testng.Assert.assertEqualsImpl(Assert.java:140)
at org.testng.Assert.assertEquals(Assert.java:122)
at org.testng.Assert.assertEquals(Assert.java:629)
at org.testng.Assert.assertEquals(Assert.java:639)
at TestCases.MenuTestcases.validateBestBusinessTitle(MenuTestcases.java:111)
at java.base/jdk.internal.reflect.NativeMethodAccessorImpl.invoke0(Native Method)
at java.base/jdk.internal.reflect.NativeMethodAccessorImpl.invoke(NativeMethodAccessorImpl.java:77)
at java.base/jdk.internal.reflect.DelegatingMethodAccessorImpl.invoke(DelegatingMethodAccessorImpl.java:43)
at java.base/java.lang.reflect.Method.invoke(Method.java:568)
at org.testng.internal.MethodInvocationHelper.invokeMethod(MethodInvocationHelper.java:133)
at org.testng.internal.TestInvoker.invokeMethod(TestInvoker.java:598)
at org.testng.internal.TestInvoker.invokeTestMethod(TestInvoker.java:173)
at org.testng.internal.MethodRunner.runInSequence(MethodRunner.java:46)
at org.testng.internal.TestInvoker$MethodInvocationAgent.invoke(TestInvoker.java:824)
at org.testng.internal.TestInvoker.invokeTestMethods(TestInvoker.java:146)
at org.testng.internal.TestMethodWorker.invokeTestMethods(TestMethodWorker.java:146)
at org.testng.internal.TestMethodWorker.run(TestMethodWorker.java:128)
at java.base/java.util.ArrayList.forEach(ArrayList.java:1511)
at org.testng.TestRunner.privateRun(TestRunner.java:794)
at org.testng.TestRunner.run(TestRunner.java:596)
at org.testng.SuiteRunner.runTest(SuiteRunner.java:377)
at org.testng.SuiteRunner.runSequentially(SuiteRunner.java:371)
at org.testng.SuiteRunner.privateRun(SuiteRunner.java:332)
at org.testng.SuiteRunner.run(SuiteRunner.java:276)
at org.testng.SuiteRunnerWorker.runSuite(SuiteRunnerWorker.java:53)
at org.testng.SuiteRunnerWorker.run(SuiteRunnerWorker.java:96)
at org.testng.TestNG.runSuitesSequentially(TestNG.java:1212)
at org.testng.TestNG.runSuitesLocally(TestNG.java:1134)
at org.testng.TestNG.runSuites(TestNG.java:1063)
at org.testng.TestNG.run(TestNG.java:1031)
at org.apache.maven.surefire.testng.TestNGExecutor.run(TestNGExecutor.java:281)
at org.apache.maven.surefire.testng.TestNGXmlTestSuite.execute(TestNGXmlTestSuite.java:75)
at org.apache.maven.surefire.testng.TestNGProvider.invoke(TestNGProvider.java:121)
at org.apache.maven.surefire.booter.ForkedBooter.invokeProviderInSameClassLoader(ForkedBooter.java:290)
at org.apache.maven.surefire.booter.ForkedBooter.runSuitesInProcess(ForkedBooter.java:242)
at org.apache.maven.surefire.booter.ForkedBooter.main(ForkedBooter.java:121)
]]>
    </failure>
  </testcase> <!-- validateBestBusinessTitle -->
  <system-out/>
  <testcase classname="TestCases.MenuTestcases" name="validateDealofDayTitle" time="40.903"/>
  <system-out/>
  <testcase classname="TestCases.MenuTestcases" name="validateBestBuyTitle" time="69.299"/>
  <system-out/>
  <testcase classname="TestCases.MenuTestcases" name="validateGiftIdeasTitle" time="46.262"/>
  <system-out/>
  <testcase classname="TestCases.MenuTestcases" name="validateGiftTitle" time="49.877"/>
  <system-out/>
  <testcase classname="TestCases.MenuTestcases" name="Close" time="68.822"/>
  <system-out/>
  <testcase classname="TestCases.MenuTestcases" name="validateMemberOfferTitle" time="45.122"/>
  <system-out/>
  <testcase classname="TestCases.MenuTestcases" name="validateTopDealsTitle" time="46.377"/>
  <system-out/>
  <testcase classname="TestCases.MenuTestcases" name="validateGiftCardTitle" time="43.293"/>
  <system-out/>
  <testcase classname="TestCases.MenuTestcases" name="validateHealthTitle" time="45.914"/>
  <system-out/>
</testsuite> <!-- TestCases.MenuTestcases -->
